
=======================================================
🛒  VULNSHOP — SecureScope Demo Target
=======================================================
📍  http://localhost:8888
⚠️   INTENTIONALLY VULNERABLE — demo only
=======================================================

Vulnerable endpoints:
  /search?q=          → Reflected XSS
  /product?id=        → SQLi (error-based)
  /category?name=     → SQLi (union-based)
  /user?id=           → SQLi (boolean-blind)
  /review?post_id=    → Stored XSS pattern
  /profile?username=  → SQLi (time-based)
  /login              → Verbose auth errors

 * Serving Flask app 'app'
 * Debug mode: off
[31m[1mWARNING: This is a development server. Do not use it in a production deployment. Use a production WSGI server instead.[0m
 * Running on all addresses (0.0.0.0)
 * Running on http://127.0.0.1:8888
 * Running on http://10.74.52.127:8888
[33mPress CTRL+C to quit[0m
